<?xml version="1.0" encoding="UTF-8"?>
<!-- Generated by org.testng.reporters.JUnitReportReporter -->
<testsuite hostname="DESKTOP-RQAVKAB" failures="0" tests="2" name="Testng.Test01" time="44.795" errors="0" timestamp="2020-10-12T17:00:57 IST" skipped="0">
  <testcase classname="Testng.Test01" name="inlogin" time="25.801"/>
  <system-out/>
  <testcase classname="Testng.Test01" name="validlog01" time="18.994"/>
  <system-out/>
</testsuite> <!-- Testng.Test01 -->
