<?xml version="1.0" encoding="UTF-8"?>
<!-- Generated by org.testng.reporters.JUnitReportReporter -->
<testsuite hostname="DESKTOP-RQAVKAB" failures="0" tests="4" name="Testnglistenrers.listeners2$Testlistner1" time="0.019" errors="0" timestamp="2020-10-18T13:38:41 IST" skipped="0">
  <testcase classname="Testnglistenrers.listeners2$Testlistner1" name="test7" time="0.002"/>
  <system-out/>
  <testcase classname="Testnglistenrers.listeners2$Testlistner1" name="test6" time="0.002"/>
  <system-out/>
  <testcase classname="Testnglistenrers.listeners2$Testlistner1" name="test5" time="0.009"/>
  <system-out/>
  <testcase classname="Testnglistenrers.listeners2$Testlistner1" name="test8" time="0.006"/>
  <system-out/>
</testsuite> <!-- Testnglistenrers.listeners2$Testlistner1 -->
