<?xml version="1.0" encoding="UTF-8"?>
<!-- Generated by org.testng.reporters.JUnitReportReporter -->
<testsuite hostname="DESKTOP-RQAVKAB" failures="0" tests="1" name="Testng.Test1" time="0.010" errors="0" timestamp="2020-09-19T17:39:16 IST" skipped="0">
  <testcase classname="Testng.Test1" name="sample" time="0.010"/>
  <system-out/>
</testsuite> <!-- Testng.Test1 -->
