<?xml version="1.0" encoding="UTF-8"?>
<!-- Generated by org.testng.reporters.JUnitReportReporter -->
<testsuite hostname="DESKTOP-RQAVKAB" failures="0" tests="4" name="Testng.Suitfileperiority" time="0.023" errors="0" timestamp="2020-10-15T13:59:50 IST" skipped="0">
  <testcase classname="Testng.Suitfileperiority" name="login" time="0.005"/>
  <system-out/>
  <testcase classname="Testng.Suitfileperiority" name="search" time="0.005"/>
  <system-out/>
  <testcase classname="Testng.Suitfileperiority" name="logout" time="0.003"/>
  <system-out/>
  <testcase classname="Testng.Suitfileperiority" name="checkout" time="0.010"/>
  <system-out/>
</testsuite> <!-- Testng.Suitfileperiority -->
