<?xml version="1.0" encoding="UTF-8"?>
<!-- Generated by org.testng.reporters.JUnitReportReporter -->
<testsuite hostname="DESKTOP-RQAVKAB" failures="0" tests="5" name="Testng.Groupwisetest" time="0.039" errors="0" timestamp="2020-11-18T15:48:42 IST" skipped="0">
  <testcase classname="Testng.Groupwisetest" name="search" time="0.010"/>
  <system-out/>
  <testcase classname="Testng.Groupwisetest" name="product" time="0.013"/>
  <system-out/>
  <testcase classname="Testng.Groupwisetest" name="logout" time="0.002"/>
  <system-out/>
  <testcase classname="Testng.Groupwisetest" name="homepage" time="0.011"/>
  <system-out/>
  <testcase classname="Testng.Groupwisetest" name="login" time="0.003"/>
  <system-out/>
</testsuite> <!-- Testng.Groupwisetest -->
