<?xml version="1.0" encoding="UTF-8"?>
<!-- Generated by org.testng.reporters.JUnitReportReporter -->
<testsuite hostname="DESKTOP-RQAVKAB" failures="0" tests="1" name="Facebookproject.Loginfunctionality" time="23.802" errors="0" timestamp="2020-11-29T18:09:21 IST" skipped="0">
  <testcase classname="Facebookproject.Loginfunctionality" name="loginwithwithoutaccount" time="23.802"/>
  <system-out/>
</testsuite> <!-- Facebookproject.Loginfunctionality -->
