<?xml version="1.0" encoding="UTF-8"?>
<!-- Generated by org.testng.reporters.JUnitReportReporter -->
<testsuite hostname="DESKTOP-RQAVKAB" failures="0" tests="2" name="Testng.flipkart" time="38.636" errors="0" timestamp="2020-10-15T14:23:14 IST" skipped="0">
  <testcase classname="Testng.flipkart" name="invalidlogin" time="14.124"/>
  <system-out/>
  <testcase classname="Testng.flipkart" name="validlogin" time="24.512"/>
  <system-out/>
</testsuite> <!-- Testng.flipkart -->
