<?xml version="1.0" encoding="UTF-8"?>
<!-- Generated by org.testng.reporters.JUnitReportReporter -->
<testsuite hostname="DESKTOP-RQAVKAB" failures="0" tests="2" name="practice.Mousemovement" time="30.370" errors="0" timestamp="2020-10-26T13:52:40 IST" skipped="0">
  <testcase classname="practice.Mousemovement" name="invalidlogin" time="15.104"/>
  <system-out/>
  <testcase classname="practice.Mousemovement" name="validlogin" time="15.266"/>
  <system-out/>
</testsuite> <!-- practice.Mousemovement -->
